Temp/gradleOut/build/outputs/logs/manifest-merger-release-report.txt
-- Merging decision tree log ---
manifest
ADDED from src\main\AndroidManifest.xml:2:1-44:12
	package
		ADDED from src\main\AndroidManifest.xml:2:70-96
		INJECTED from src\main\AndroidManifest.xml
		INJECTED from src\main\AndroidManifest.xml
	android:versionName
		ADDED from src\main\AndroidManifest.xml:2:145-170
		INJECTED from src\main\AndroidManifest.xml
		INJECTED from src\main\AndroidManifest.xml
	android:versionCode
		ADDED from src\main\AndroidManifest.xml:2:171-194
		INJECTED from src\main\AndroidManifest.xml
		INJECTED from src\main\AndroidManifest.xml
	xmlns:android
		ADDED from src\main\AndroidManifest.xml:2:11-69
	android:installLocation
		ADDED from src\main\AndroidManifest.xml:2:195-235
	android:theme
		ADDED from src\main\AndroidManifest.xml:2:97-144
uses-sdk
ADDED from src\main\AndroidManifest.xml:3:3-72
	android:targetSdkVersion
		ADDED from src\main\AndroidManifest.xml:3:40-69
		INJECTED from src\main\AndroidManifest.xml
		INJECTED from src\main\AndroidManifest.xml
	android:minSdkVersion
		ADDED from src\main\AndroidManifest.xml:3:13-39
uses-feature#android.hardware.camera
ADDED from src\main\AndroidManifest.xml:4:3-58
	android:name
		ADDED from src\main\AndroidManifest.xml:4:17-55
supports-screens
ADDED from src\main\AndroidManifest.xml:5:3-163
	android:largeScreens
		ADDED from src\main\AndroidManifest.xml:5:78-105
	android:smallScreens
		ADDED from src\main\AndroidManifest.xml:5:21-48
	android:normalScreens
		ADDED from src\main\AndroidManifest.xml:5:49-77
	android:xlargeScreens
		ADDED from src\main\AndroidManifest.xml:5:106-134
	android:anyDensity
		ADDED from src\main\AndroidManifest.xml:5:135-160
uses-permission#android.permission.INTERNET
ADDED from src\main\AndroidManifest.xml:6:3-65
	android:name
		ADDED from src\main\AndroidManifest.xml:6:20-62
uses-permission#android.permission.CAMERA
ADDED from src\main\AndroidManifest.xml:7:3-63
	android:name
		ADDED from src\main\AndroidManifest.xml:7:20-60
uses-permission#android.permission.ACCESS_NETWORK_STATE
ADDED from src\main\AndroidManifest.xml:8:3-77
	android:name
		ADDED from src\main\AndroidManifest.xml:8:20-74
uses-permission#android.permission.WRITE_EXTERNAL_STORAGE
ADDED from src\main\AndroidManifest.xml:9:3-79
	android:name
		ADDED from src\main\AndroidManifest.xml:9:20-76
uses-permission#android.permission.RECORD_AUDIO
ADDED from src\main\AndroidManifest.xml:10:3-69
	android:name
		ADDED from src\main\AndroidManifest.xml:10:20-66
application
ADDED from src\main\AndroidManifest.xml:12:3-37:17
	android:label
		ADDED from src\main\AndroidManifest.xml:12:50-82
	android:icon
		ADDED from src\main\AndroidManifest.xml:12:16-49
	android:banner
		ADDED from src\main\AndroidManifest.xml:12:164-201
	android:theme
		ADDED from src\main\AndroidManifest.xml:12:83-141
	android:isGame
		ADDED from src\main\AndroidManifest.xml:12:142-163
activity#com.unity3d.player.UnityPlayerNativeActivity
ADDED from src\main\AndroidManifest.xml:13:5-20:16
	android:screenOrientation
		ADDED from src\main\AndroidManifest.xml:13:108-146
	android:label
		ADDED from src\main\AndroidManifest.xml:13:75-107
	android:launchMode
		ADDED from src\main\AndroidManifest.xml:13:147-178
	android:configChanges
		ADDED from src\main\AndroidManifest.xml:13:179-360
	android:name
		ADDED from src\main\AndroidManifest.xml:13:15-74
intent-filter#android.intent.action.MAIN+android.intent.category.LAUNCHER
ADDED from src\main\AndroidManifest.xml:14:7-17:23
action#android.intent.action.MAIN
ADDED from src\main\AndroidManifest.xml:15:9-61
	android:name
		ADDED from src\main\AndroidManifest.xml:15:17-58
category#android.intent.category.LAUNCHER
ADDED from src\main\AndroidManifest.xml:16:9-69
	android:name
		ADDED from src\main\AndroidManifest.xml:16:19-66
meta-data#unityplayer.UnityActivity
ADDED from src\main\AndroidManifest.xml:18:7-82
	android:value
		ADDED from src\main\AndroidManifest.xml:18:59-79
	android:name
		ADDED from src\main\AndroidManifest.xml:18:18-58
meta-data#unityplayer.ForwardNativeEventsToDalvik
ADDED from src\main\AndroidManifest.xml:19:7-97
	android:value
		ADDED from src\main\AndroidManifest.xml:19:73-94
	android:name
		ADDED from src\main\AndroidManifest.xml:19:18-72
activity#com.unity3d.player.VideoPlayer
ADDED from src\main\AndroidManifest.xml:21:5-22:16
	android:screenOrientation
		ADDED from src\main\AndroidManifest.xml:21:94-130
	android:label
		ADDED from src\main\AndroidManifest.xml:21:61-93
	android:configChanges
		ADDED from src\main\AndroidManifest.xml:21:131-288
	android:name
		ADDED from src\main\AndroidManifest.xml:21:15-60
uses-library#com.ti.s3d
ADDED from src\main\AndroidManifest.xml:28:5-72
	android:required
		ADDED from src\main\AndroidManifest.xml:28:45-69
	android:name
		ADDED from src\main\AndroidManifest.xml:28:19-44
uses-library#com.osterhoutgroup.api.ext
ADDED from src\main\AndroidManifest.xml:32:5-88
	android:required
		ADDED from src\main\AndroidManifest.xml:32:61-85
	android:name
		ADDED from src\main\AndroidManifest.xml:32:19-60
meta-data#unity.build-id
ADDED from src\main\AndroidManifest.xml:33:5-101
	android:value
		ADDED from src\main\AndroidManifest.xml:33:46-98
	android:name
		ADDED from src\main\AndroidManifest.xml:33:16-45
meta-data#unity.splash-mode
ADDED from src\main\AndroidManifest.xml:34:5-69
	android:value
		ADDED from src\main\AndroidManifest.xml:34:49-66
	android:name
		ADDED from src\main\AndroidManifest.xml:34:16-48
meta-data#unity.splash-enable
ADDED from src\main\AndroidManifest.xml:35:5-74
	android:value
		ADDED from src\main\AndroidManifest.xml:35:51-71
	android:name
		ADDED from src\main\AndroidManifest.xml:35:16-50
meta-data#android.max_aspect
ADDED from src\main\AndroidManifest.xml:36:5-72
	android:value
		ADDED from src\main\AndroidManifest.xml:36:50-69
	android:name
		ADDED from src\main\AndroidManifest.xml:36:16-49
uses-feature#0x00020000
ADDED from src\main\AndroidManifest.xml:38:3-52
	android:glEsVersion
		ADDED from src\main\AndroidManifest.xml:38:17-49
uses-feature#android.hardware.camera.autofocus
ADDED from src\main\AndroidManifest.xml:39:3-93
	android:required
		ADDED from src\main\AndroidManifest.xml:39:66-90
	android:name
		ADDED from src\main\AndroidManifest.xml:39:17-65
uses-feature#android.hardware.camera.front
ADDED from src\main\AndroidManifest.xml:40:3-89
	android:required
		ADDED from src\main\AndroidManifest.xml:40:62-86
	android:name
		ADDED from src\main\AndroidManifest.xml:40:17-61
uses-feature#android.hardware.touchscreen
ADDED from src\main\AndroidManifest.xml:41:3-88
	android:required
		ADDED from src\main\AndroidManifest.xml:41:61-85
	android:name
		ADDED from src\main\AndroidManifest.xml:41:17-60
uses-feature#android.hardware.touchscreen.multitouch
ADDED from src\main\AndroidManifest.xml:42:3-99
	android:required
		ADDED from src\main\AndroidManifest.xml:42:72-96
	android:name
		ADDED from src\main\AndroidManifest.xml:42:17-71
uses-feature#android.hardware.touchscreen.multitouch.distinct
ADDED from src\main\AndroidManifest.xml:43:3-108
	android:required
		ADDED from src\main\AndroidManifest.xml:43:81-105
	android:name
		ADDED from src\main\AndroidManifest.xml:43:17-80